<?xml version="1.0" encoding="UTF-8"?>
<!-- Generated by org.testng.reporters.JUnitReportReporter -->
<testsuite skipped="0" hostname="labdd-PC" name="Testscript.Annotation" tests="1" failures="0" timestamp="26 Dec 2017 13:43:53 GMT" time="0.011" errors="0">
  <testcase name="login" time="0.011" classname="Testscript.Annotation"/>
</testsuite> <!-- Testscript.Annotation -->
